{"C:\\Users\\victo\\OneDrive\\Documentos\\GitHub\\Pauta-V.3\\src\\core\\application\\useAppStore.ts": {"path":"C:\\Users\\victo\\OneDrive\\Documentos\\GitHub\\Pauta-V.3\\src\\core\\application\\useAppStore.ts","statementMap":{"0":{"start":{"line":21,"column":6},"end":{"line":25,"column":null}},"1":{"start":{"line":22,"column":2},"end":{"line":22,"column":null}},"2":{"start":{"line":22,"column":37},"end":{"line":22,"column":null}},"3":{"start":{"line":23,"column":17},"end":{"line":23,"column":null}},"4":{"start":{"line":24,"column":2},"end":{"line":24,"column":null}},"5":{"start":{"line":27,"column":6},"end":{"line":37,"column":null}},"6":{"start":{"line":28,"column":2},"end":{"line":28,"column":null}},"7":{"start":{"line":28,"column":37},"end":{"line":28,"column":null}},"8":{"start":{"line":29,"column":14},"end":{"line":29,"column":null}},"9":{"start":{"line":30,"column":2},"end":{"line":35,"column":null}},"10":{"start":{"line":31,"column":4},"end":{"line":31,"column":null}},"11":{"start":{"line":33,"column":4},"end":{"line":33,"column":null}},"12":{"start":{"line":34,"column":4},"end":{"line":34,"column":null}},"13":{"start":{"line":36,"column":2},"end":{"line":36,"column":null}},"14":{"start":{"line":39,"column":26},"end":{"line":39,"column":null}},"15":{"start":{"line":40,"column":24},"end":{"line":42,"column":null}},"16":{"start":{"line":41,"column":32},"end":{"line":41,"column":58}},"17":{"start":{"line":44,"column":27},"end":{"line":72,"column":null}},"18":{"start":{"line":44,"column":54},"end":{"line":72,"column":2}},"19":{"start":{"line":47,"column":37},"end":{"line":47,"column":null}},"20":{"start":{"line":51,"column":25},"end":{"line":51,"column":null}},"21":{"start":{"line":52,"column":18},"end":{"line":52,"column":null}},"22":{"start":{"line":53,"column":4},"end":{"line":55,"column":null}},"23":{"start":{"line":54,"column":6},"end":{"line":54,"column":null}},"24":{"start":{"line":56,"column":4},"end":{"line":56,"column":null}},"25":{"start":{"line":60,"column":29},"end":{"line":60,"column":null}},"26":{"start":{"line":63,"column":36},"end":{"line":63,"column":null}},"27":{"start":{"line":68,"column":23},"end":{"line":68,"column":null}},"28":{"start":{"line":69,"column":20},"end":{"line":69,"column":null}},"29":{"start":{"line":69,"column":61},"end":{"line":69,"column":80}},"30":{"start":{"line":70,"column":4},"end":{"line":70,"column":null}}},"fnMap":{"0":{"name":"(anonymous_0)","decl":{"start":{"line":21,"column":6},"end":{"line":21,"column":57}},"loc":{"start":{"line":21,"column":57},"end":{"line":25,"column":null}},"line":21},"1":{"name":"(anonymous_1)","decl":{"start":{"line":27,"column":6},"end":{"line":27,"column":29}},"loc":{"start":{"line":27,"column":59},"end":{"line":37,"column":null}},"line":27},"2":{"name":"(anonymous_2)","decl":{"start":{"line":41,"column":22},"end":{"line":41,"column":27}},"loc":{"start":{"line":41,"column":32},"end":{"line":41,"column":58}},"line":41},"3":{"name":"(anonymous_3)","decl":{"start":{"line":44,"column":27},"end":{"line":44,"column":45}},"loc":{"start":{"line":44,"column":54},"end":{"line":72,"column":2}},"line":44},"4":{"name":"(anonymous_4)","decl":{"start":{"line":47,"column":2},"end":{"line":47,"column":24}},"loc":{"start":{"line":47,"column":37},"end":{"line":47,"column":null}},"line":47},"5":{"name":"(anonymous_5)","decl":{"start":{"line":50,"column":2},"end":{"line":50,"column":24}},"loc":{"start":{"line":50,"column":37},"end":{"line":57,"column":null}},"line":50},"6":{"name":"(anonymous_6)","decl":{"start":{"line":60,"column":2},"end":{"line":60,"column":19}},"loc":{"start":{"line":60,"column":29},"end":{"line":60,"column":null}},"line":60},"7":{"name":"(anonymous_7)","decl":{"start":{"line":63,"column":2},"end":{"line":63,"column":25}},"loc":{"start":{"line":63,"column":36},"end":{"line":63,"column":null}},"line":63},"8":{"name":"(anonymous_8)","decl":{"start":{"line":67,"column":2},"end":{"line":67,"column":22}},"loc":{"start":{"line":67,"column":22},"end":{"line":71,"column":null}},"line":67},"9":{"name":"(anonymous_9)","decl":{"start":{"line":69,"column":51},"end":{"line":69,"column":56}},"loc":{"start":{"line":69,"column":61},"end":{"line":69,"column":80}},"line":69}},"branchMap":{"0":{"loc":{"start":{"line":22,"column":2},"end":{"line":22,"column":null}},"type":"if","locations":[{"start":{"line":22,"column":2},"end":{"line":22,"column":null}},{"start":{},"end":{}}],"line":22},"1":{"loc":{"start":{"line":24,"column":9},"end":{"line":24,"column":null}},"type":"binary-expr","locations":[{"start":{"line":24,"column":9},"end":{"line":24,"column":35}},{"start":{"line":24,"column":35},"end":{"line":24,"column":54}},{"start":{"line":24,"column":54},"end":{"line":24,"column":null}}],"line":24},"2":{"loc":{"start":{"line":28,"column":2},"end":{"line":28,"column":null}},"type":"if","locations":[{"start":{"line":28,"column":2},"end":{"line":28,"column":null}},{"start":{},"end":{}}],"line":28},"3":{"loc":{"start":{"line":30,"column":2},"end":{"line":35,"column":null}},"type":"if","locations":[{"start":{"line":30,"column":2},"end":{"line":35,"column":null}},{"start":{"line":32,"column":9},"end":{"line":35,"column":null}}],"line":30},"4":{"loc":{"start":{"line":40,"column":24},"end":{"line":42,"column":null}},"type":"cond-expr","locations":[{"start":{"line":41,"column":4},"end":{"line":41,"column":null}},{"start":{"line":42,"column":4},"end":{"line":42,"column":null}}],"line":40},"5":{"loc":{"start":{"line":41,"column":4},"end":{"line":41,"column":null}},"type":"binary-expr","locations":[{"start":{"line":41,"column":4},"end":{"line":41,"column":63}},{"start":{"line":41,"column":63},"end":{"line":41,"column":null}}],"line":41},"6":{"loc":{"start":{"line":52,"column":18},"end":{"line":52,"column":null}},"type":"cond-expr","locations":[{"start":{"line":52,"column":29},"end":{"line":52,"column":43}},{"start":{"line":52,"column":43},"end":{"line":52,"column":null}}],"line":52},"7":{"loc":{"start":{"line":53,"column":4},"end":{"line":55,"column":null}},"type":"if","locations":[{"start":{"line":53,"column":4},"end":{"line":55,"column":null}},{"start":{},"end":{}}],"line":53},"8":{"loc":{"start":{"line":69,"column":20},"end":{"line":69,"column":null}},"type":"cond-expr","locations":[{"start":{"line":69,"column":33},"end":{"line":69,"column":92}},{"start":{"line":69,"column":92},"end":{"line":69,"column":null}}],"line":69},"9":{"loc":{"start":{"line":69,"column":33},"end":{"line":69,"column":92}},"type":"binary-expr","locations":[{"start":{"line":69,"column":33},"end":{"line":69,"column":85}},{"start":{"line":69,"column":85},"end":{"line":69,"column":92}}],"line":69}},"s":{"0":1,"1":1,"2":0,"3":1,"4":1,"5":1,"6":0,"7":0,"8":0,"9":0,"10":0,"11":0,"12":0,"13":0,"14":1,"15":1,"16":0,"17":1,"18":1,"19":1,"20":0,"21":0,"22":0,"23":0,"24":0,"25":1,"26":1,"27":0,"28":0,"29":0,"30":0},"f":{"0":1,"1":0,"2":0,"3":1,"4":1,"5":0,"6":1,"7":1,"8":0,"9":0},"b":{"0":[0,1],"1":[1,1,1],"2":[0,0],"3":[0,0],"4":[0,1],"5":[0,0],"6":[0,0],"7":[0,0],"8":[0,0],"9":[0,0]},"meta":{"lastBranch":10,"lastFunction":10,"lastStatement":31,"seen":{"s:21:6:25:Infinity":0,"f:21:6:21:57":0,"b:22:2:22:Infinity:undefined:undefined:undefined:undefined":0,"s:22:2:22:Infinity":1,"s:22:37:22:Infinity":2,"s:23:17:23:Infinity":3,"s:24:2:24:Infinity":4,"b:24:9:24:35:24:35:24:54:24:54:24:Infinity":1,"s:27:6:37:Infinity":5,"f:27:6:27:29":1,"b:28:2:28:Infinity:undefined:undefined:undefined:undefined":2,"s:28:2:28:Infinity":6,"s:28:37:28:Infinity":7,"s:29:14:29:Infinity":8,"b:30:2:35:Infinity:32:9:35:Infinity":3,"s:30:2:35:Infinity":9,"s:31:4:31:Infinity":10,"s:33:4:33:Infinity":11,"s:34:4:34:Infinity":12,"s:36:2:36:Infinity":13,"s:39:26:39:Infinity":14,"s:40:24:42:Infinity":15,"b:41:4:41:Infinity:42:4:42:Infinity":4,"b:41:4:41:63:41:63:41:Infinity":5,"f:41:22:41:27":2,"s:41:32:41:58":16,"s:44:27:72:Infinity":17,"f:44:27:44:45":3,"s:44:54:72:2":18,"f:47:2:47:24":4,"s:47:37:47:Infinity":19,"f:50:2:50:24":5,"s:51:25:51:Infinity":20,"s:52:18:52:Infinity":21,"b:52:29:52:43:52:43:52:Infinity":6,"b:53:4:55:Infinity:undefined:undefined:undefined:undefined":7,"s:53:4:55:Infinity":22,"s:54:6:54:Infinity":23,"s:56:4:56:Infinity":24,"f:60:2:60:19":6,"s:60:29:60:Infinity":25,"f:63:2:63:25":7,"s:63:36:63:Infinity":26,"f:67:2:67:22":8,"s:68:23:68:Infinity":27,"s:69:20:69:Infinity":28,"b:69:33:69:92:69:92:69:Infinity":8,"b:69:33:69:85:69:85:69:92":9,"f:69:51:69:56":9,"s:69:61:69:80":29,"s:70:4:70:Infinity":30},"fnNames":{}}}
,"C:\\Users\\victo\\OneDrive\\Documentos\\GitHub\\Pauta-V.3\\src\\core\\domain\\constants.ts": {"path":"C:\\Users\\victo\\OneDrive\\Documentos\\GitHub\\Pauta-V.3\\src\\core\\domain\\constants.ts","statementMap":{"0":{"start":{"line":3,"column":38},"end":{"line":11,"column":null}}},"fnMap":{},"branchMap":{},"s":{"0":1},"f":{},"b":{},"meta":{"lastBranch":0,"lastFunction":0,"lastStatement":1,"seen":{"s:3:38:11:Infinity":0},"fnNames":{}}}
,"C:\\Users\\victo\\OneDrive\\Documentos\\GitHub\\Pauta-V.3\\src\\core\\domain\\types.ts": {"path":"C:\\Users\\victo\\OneDrive\\Documentos\\GitHub\\Pauta-V.3\\src\\core\\domain\\types.ts","statementMap":{"0":{"start":{"line":1,"column":7},"end":{"line":5,"column":null}},"1":{"start":{"line":2,"column":2},"end":{"line":2,"column":null}},"2":{"start":{"line":3,"column":2},"end":{"line":3,"column":null}},"3":{"start":{"line":4,"column":2},"end":{"line":4,"column":null}}},"fnMap":{"0":{"name":"(anonymous_0)","decl":{"start":{"line":1,"column":7},"end":{"line":1,"column":12}},"loc":{"start":{"line":1,"column":7},"end":{"line":5,"column":null}},"line":1}},"branchMap":{},"s":{"0":1,"1":1,"2":1,"3":1},"f":{"0":1},"b":{},"meta":{"lastBranch":0,"lastFunction":1,"lastStatement":4,"seen":{"s:1:7:5:Infinity":0,"f:1:7:1:12":0,"s:2:2:2:Infinity":1,"s:3:2:3:Infinity":2,"s:4:2:4:Infinity":3},"fnNames":{}}}
,"C:\\Users\\victo\\OneDrive\\Documentos\\GitHub\\Pauta-V.3\\src\\infra\\data\\templates\\index.ts": {"path":"C:\\Users\\victo\\OneDrive\\Documentos\\GitHub\\Pauta-V.3\\src\\infra\\data\\templates\\index.ts","statementMap":{"0":{"start":{"line":24,"column":33},"end":{"line":47,"column":null}}},"fnMap":{},"branchMap":{},"s":{"0":1},"f":{},"b":{},"meta":{"lastBranch":0,"lastFunction":0,"lastStatement":1,"seen":{"s:24:33:47:Infinity":0},"fnNames":{}}}
,"C:\\Users\\victo\\OneDrive\\Documentos\\GitHub\\Pauta-V.3\\src\\infra\\data\\templates\\analysis\\analise-base-lgpd.ts": {"path":"C:\\Users\\victo\\OneDrive\\Documentos\\GitHub\\Pauta-V.3\\src\\infra\\data\\templates\\analysis\\analise-base-lgpd.ts","statementMap":{"0":{"start":{"line":3,"column":43},"end":{"line":48,"column":null}}},"fnMap":{},"branchMap":{},"s":{"0":1},"f":{},"b":{},"meta":{"lastBranch":0,"lastFunction":0,"lastStatement":1,"seen":{"s:3:43:48:Infinity":0},"fnNames":{}}}
,"C:\\Users\\victo\\OneDrive\\Documentos\\GitHub\\Pauta-V.3\\src\\infra\\data\\templates\\analysis\\analise-holistica-produto-seo.ts": {"path":"C:\\Users\\victo\\OneDrive\\Documentos\\GitHub\\Pauta-V.3\\src\\infra\\data\\templates\\analysis\\analise-holistica-produto-seo.ts","statementMap":{"0":{"start":{"line":3,"column":55},"end":{"line":30,"column":null}}},"fnMap":{},"branchMap":{},"s":{"0":1},"f":{},"b":{},"meta":{"lastBranch":0,"lastFunction":0,"lastStatement":1,"seen":{"s:3:55:30:Infinity":0},"fnNames":{}}}
,"C:\\Users\\victo\\OneDrive\\Documentos\\GitHub\\Pauta-V.3\\src\\infra\\data\\templates\\analysis\\analise-melhoria-tridimensional.ts": {"path":"C:\\Users\\victo\\OneDrive\\Documentos\\GitHub\\Pauta-V.3\\src\\infra\\data\\templates\\analysis\\analise-melhoria-tridimensional.ts","statementMap":{"0":{"start":{"line":3,"column":57},"end":{"line":42,"column":null}}},"fnMap":{},"branchMap":{},"s":{"0":1},"f":{},"b":{},"meta":{"lastBranch":0,"lastFunction":0,"lastStatement":1,"seen":{"s:3:57:42:Infinity":0},"fnNames":{}}}
,"C:\\Users\\victo\\OneDrive\\Documentos\\GitHub\\Pauta-V.3\\src\\infra\\data\\templates\\analysis\\analise-vulnerabilidades-devsecops.ts": {"path":"C:\\Users\\victo\\OneDrive\\Documentos\\GitHub\\Pauta-V.3\\src\\infra\\data\\templates\\analysis\\analise-vulnerabilidades-devsecops.ts","statementMap":{"0":{"start":{"line":3,"column":60},"end":{"line":56,"column":null}}},"fnMap":{},"branchMap":{},"s":{"0":1},"f":{},"b":{},"meta":{"lastBranch":0,"lastFunction":0,"lastStatement":1,"seen":{"s:3:60:56:Infinity":0},"fnNames":{}}}
,"C:\\Users\\victo\\OneDrive\\Documentos\\GitHub\\Pauta-V.3\\src\\infra\\data\\templates\\analysis\\inventario-atual-wip.ts": {"path":"C:\\Users\\victo\\OneDrive\\Documentos\\GitHub\\Pauta-V.3\\src\\infra\\data\\templates\\analysis\\inventario-atual-wip.ts","statementMap":{"0":{"start":{"line":3,"column":46},"end":{"line":41,"column":null}}},"fnMap":{},"branchMap":{},"s":{"0":1},"f":{},"b":{},"meta":{"lastBranch":0,"lastFunction":0,"lastStatement":1,"seen":{"s:3:46:41:Infinity":0},"fnNames":{}}}
,"C:\\Users\\victo\\OneDrive\\Documentos\\GitHub\\Pauta-V.3\\src\\infra\\data\\templates\\analysis\\resumo-atual-projeto.ts": {"path":"C:\\Users\\victo\\OneDrive\\Documentos\\GitHub\\Pauta-V.3\\src\\infra\\data\\templates\\analysis\\resumo-atual-projeto.ts","statementMap":{"0":{"start":{"line":3,"column":46},"end":{"line":40,"column":null}}},"fnMap":{},"branchMap":{},"s":{"0":1},"f":{},"b":{},"meta":{"lastBranch":0,"lastFunction":0,"lastStatement":1,"seen":{"s:3:46:40:Infinity":0},"fnNames":{}}}
,"C:\\Users\\victo\\OneDrive\\Documentos\\GitHub\\Pauta-V.3\\src\\infra\\data\\templates\\architecture\\arquitetura-auditoria-profunda.ts": {"path":"C:\\Users\\victo\\OneDrive\\Documentos\\GitHub\\Pauta-V.3\\src\\infra\\data\\templates\\architecture\\arquitetura-auditoria-profunda.ts","statementMap":{"0":{"start":{"line":3,"column":56},"end":{"line":40,"column":null}}},"fnMap":{},"branchMap":{},"s":{"0":1},"f":{},"b":{},"meta":{"lastBranch":0,"lastFunction":0,"lastStatement":1,"seen":{"s:3:56:40:Infinity":0},"fnNames":{}}}
,"C:\\Users\\victo\\OneDrive\\Documentos\\GitHub\\Pauta-V.3\\src\\infra\\data\\templates\\architecture\\arquitetura-refatoracao-estrutural.ts": {"path":"C:\\Users\\victo\\OneDrive\\Documentos\\GitHub\\Pauta-V.3\\src\\infra\\data\\templates\\architecture\\arquitetura-refatoracao-estrutural.ts","statementMap":{"0":{"start":{"line":3,"column":60},"end":{"line":39,"column":null}}},"fnMap":{},"branchMap":{},"s":{"0":1},"f":{},"b":{},"meta":{"lastBranch":0,"lastFunction":0,"lastStatement":1,"seen":{"s:3:60:39:Infinity":0},"fnNames":{}}}
,"C:\\Users\\victo\\OneDrive\\Documentos\\GitHub\\Pauta-V.3\\src\\infra\\data\\templates\\correction\\auditoria-arquitetural-roadmap.ts": {"path":"C:\\Users\\victo\\OneDrive\\Documentos\\GitHub\\Pauta-V.3\\src\\infra\\data\\templates\\correction\\auditoria-arquitetural-roadmap.ts","statementMap":{"0":{"start":{"line":3,"column":56},"end":{"line":35,"column":null}}},"fnMap":{},"branchMap":{},"s":{"0":1},"f":{},"b":{},"meta":{"lastBranch":0,"lastFunction":0,"lastStatement":1,"seen":{"s:3:56:35:Infinity":0},"fnNames":{}}}
,"C:\\Users\\victo\\OneDrive\\Documentos\\GitHub\\Pauta-V.3\\src\\infra\\data\\templates\\correction\\correcao-auditoria-profunda.ts": {"path":"C:\\Users\\victo\\OneDrive\\Documentos\\GitHub\\Pauta-V.3\\src\\infra\\data\\templates\\correction\\correcao-auditoria-profunda.ts","statementMap":{"0":{"start":{"line":3,"column":53},"end":{"line":53,"column":null}}},"fnMap":{},"branchMap":{},"s":{"0":1},"f":{},"b":{},"meta":{"lastBranch":0,"lastFunction":0,"lastStatement":1,"seen":{"s:3:53:53:Infinity":0},"fnNames":{}}}
,"C:\\Users\\victo\\OneDrive\\Documentos\\GitHub\\Pauta-V.3\\src\\infra\\data\\templates\\design\\design-footer-premium.ts": {"path":"C:\\Users\\victo\\OneDrive\\Documentos\\GitHub\\Pauta-V.3\\src\\infra\\data\\templates\\design\\design-footer-premium.ts","statementMap":{"0":{"start":{"line":3,"column":47},"end":{"line":52,"column":null}}},"fnMap":{},"branchMap":{},"s":{"0":1},"f":{},"b":{},"meta":{"lastBranch":0,"lastFunction":0,"lastStatement":1,"seen":{"s:3:47:52:Infinity":0},"fnNames":{}}}
,"C:\\Users\\victo\\OneDrive\\Documentos\\GitHub\\Pauta-V.3\\src\\infra\\data\\templates\\design\\design-interacao-cards.ts": {"path":"C:\\Users\\victo\\OneDrive\\Documentos\\GitHub\\Pauta-V.3\\src\\infra\\data\\templates\\design\\design-interacao-cards.ts","statementMap":{"0":{"start":{"line":3,"column":48},"end":{"line":172,"column":null}}},"fnMap":{},"branchMap":{},"s":{"0":1},"f":{},"b":{},"meta":{"lastBranch":0,"lastFunction":0,"lastStatement":1,"seen":{"s:3:48:172:Infinity":0},"fnNames":{}}}
,"C:\\Users\\victo\\OneDrive\\Documentos\\GitHub\\Pauta-V.3\\src\\infra\\data\\templates\\design\\design-layout-ultrawide.ts": {"path":"C:\\Users\\victo\\OneDrive\\Documentos\\GitHub\\Pauta-V.3\\src\\infra\\data\\templates\\design\\design-layout-ultrawide.ts","statementMap":{"0":{"start":{"line":3,"column":49},"end":{"line":29,"column":null}}},"fnMap":{},"branchMap":{},"s":{"0":1},"f":{},"b":{},"meta":{"lastBranch":0,"lastFunction":0,"lastStatement":1,"seen":{"s:3:49:29:Infinity":0},"fnNames":{}}}
,"C:\\Users\\victo\\OneDrive\\Documentos\\GitHub\\Pauta-V.3\\src\\infra\\data\\templates\\design\\design-secao-duvidas.ts": {"path":"C:\\Users\\victo\\OneDrive\\Documentos\\GitHub\\Pauta-V.3\\src\\infra\\data\\templates\\design\\design-secao-duvidas.ts","statementMap":{"0":{"start":{"line":3,"column":46},"end":{"line":134,"column":null}}},"fnMap":{},"branchMap":{},"s":{"0":1},"f":{},"b":{},"meta":{"lastBranch":0,"lastFunction":0,"lastStatement":1,"seen":{"s:3:46:134:Infinity":0},"fnNames":{}}}
,"C:\\Users\\victo\\OneDrive\\Documentos\\GitHub\\Pauta-V.3\\src\\infra\\data\\templates\\production\\analise-integracao-dependencias.ts": {"path":"C:\\Users\\victo\\OneDrive\\Documentos\\GitHub\\Pauta-V.3\\src\\infra\\data\\templates\\production\\analise-integracao-dependencias.ts","statementMap":{"0":{"start":{"line":3,"column":57},"end":{"line":49,"column":null}}},"fnMap":{},"branchMap":{},"s":{"0":1},"f":{},"b":{},"meta":{"lastBranch":0,"lastFunction":0,"lastStatement":1,"seen":{"s:3:57:49:Infinity":0},"fnNames":{}}}
,"C:\\Users\\victo\\OneDrive\\Documentos\\GitHub\\Pauta-V.3\\src\\infra\\data\\templates\\production\\analise-seo.ts": {"path":"C:\\Users\\victo\\OneDrive\\Documentos\\GitHub\\Pauta-V.3\\src\\infra\\data\\templates\\production\\analise-seo.ts","statementMap":{"0":{"start":{"line":3,"column":37},"end":{"line":28,"column":null}}},"fnMap":{},"branchMap":{},"s":{"0":1},"f":{},"b":{},"meta":{"lastBranch":0,"lastFunction":0,"lastStatement":1,"seen":{"s:3:37:28:Infinity":0},"fnNames":{}}}
,"C:\\Users\\victo\\OneDrive\\Documentos\\GitHub\\Pauta-V.3\\src\\infra\\data\\templates\\production\\auditoria-estrategia-qualidade.ts": {"path":"C:\\Users\\victo\\OneDrive\\Documentos\\GitHub\\Pauta-V.3\\src\\infra\\data\\templates\\production\\auditoria-estrategia-qualidade.ts","statementMap":{"0":{"start":{"line":3,"column":56},"end":{"line":51,"column":null}}},"fnMap":{},"branchMap":{},"s":{"0":1},"f":{},"b":{},"meta":{"lastBranch":0,"lastFunction":0,"lastStatement":1,"seen":{"s:3:56:51:Infinity":0},"fnNames":{}}}
,"C:\\Users\\victo\\OneDrive\\Documentos\\GitHub\\Pauta-V.3\\src\\infra\\data\\templates\\production\\producao-metadata-opengraph.ts": {"path":"C:\\Users\\victo\\OneDrive\\Documentos\\GitHub\\Pauta-V.3\\src\\infra\\data\\templates\\production\\producao-metadata-opengraph.ts","statementMap":{"0":{"start":{"line":3,"column":53},"end":{"line":57,"column":null}}},"fnMap":{},"branchMap":{},"s":{"0":1},"f":{},"b":{},"meta":{"lastBranch":0,"lastFunction":0,"lastStatement":1,"seen":{"s:3:53:57:Infinity":0},"fnNames":{}}}
,"C:\\Users\\victo\\OneDrive\\Documentos\\GitHub\\Pauta-V.3\\src\\infra\\data\\templates\\production\\producao-sitemap-robots.ts": {"path":"C:\\Users\\victo\\OneDrive\\Documentos\\GitHub\\Pauta-V.3\\src\\infra\\data\\templates\\production\\producao-sitemap-robots.ts","statementMap":{"0":{"start":{"line":3,"column":49},"end":{"line":59,"column":null}}},"fnMap":{},"branchMap":{},"s":{"0":1},"f":{},"b":{},"meta":{"lastBranch":0,"lastFunction":0,"lastStatement":1,"seen":{"s:3:49:59:Infinity":0},"fnNames":{}}}
,"C:\\Users\\victo\\OneDrive\\Documentos\\GitHub\\Pauta-V.3\\src\\infra\\data\\templates\\texts\\termos-e-politicas-completo.ts": {"path":"C:\\Users\\victo\\OneDrive\\Documentos\\GitHub\\Pauta-V.3\\src\\infra\\data\\templates\\texts\\termos-e-politicas-completo.ts","statementMap":{"0":{"start":{"line":3,"column":53},"end":{"line":35,"column":null}}},"fnMap":{},"branchMap":{},"s":{"0":1},"f":{},"b":{},"meta":{"lastBranch":0,"lastFunction":0,"lastStatement":1,"seen":{"s:3:53:35:Infinity":0},"fnNames":{}}}
,"C:\\Users\\victo\\OneDrive\\Documentos\\GitHub\\Pauta-V.3\\src\\infra\\data\\templates\\utility\\utilitario-commit.ts": {"path":"C:\\Users\\victo\\OneDrive\\Documentos\\GitHub\\Pauta-V.3\\src\\infra\\data\\templates\\utility\\utilitario-commit.ts","statementMap":{"0":{"start":{"line":3,"column":43},"end":{"line":22,"column":null}}},"fnMap":{},"branchMap":{},"s":{"0":1},"f":{},"b":{},"meta":{"lastBranch":0,"lastFunction":0,"lastStatement":1,"seen":{"s:3:43:22:Infinity":0},"fnNames":{}}}
,"C:\\Users\\victo\\OneDrive\\Documentos\\GitHub\\Pauta-V.3\\src\\infra\\data\\templates\\utility\\utilitario-readme.ts": {"path":"C:\\Users\\victo\\OneDrive\\Documentos\\GitHub\\Pauta-V.3\\src\\infra\\data\\templates\\utility\\utilitario-readme.ts","statementMap":{"0":{"start":{"line":3,"column":43},"end":{"line":60,"column":null}}},"fnMap":{},"branchMap":{},"s":{"0":1},"f":{},"b":{},"meta":{"lastBranch":0,"lastFunction":0,"lastStatement":1,"seen":{"s:3:43:60:Infinity":0},"fnNames":{}}}
}
